This file contains any messages produced by compilers while
running configure, to aid debugging if configure makes a mistake.

It was created by HDF configure 4.2.14-post0, which was
generated by GNU Autoconf 2.69.  Invocation command line was

  $ ./configure 

## --------- ##
## Platform. ##
## --------- ##

hostname = mib111164i-3.local
uname -m = x86_64
uname -r = 16.7.0
uname -s = Darwin
uname -v = Darwin Kernel Version 16.7.0: Fri Apr 27 17:59:46 PDT 2018; root:xnu-3789.73.13~1/RELEASE_X86_64

/usr/bin/uname -p = i386
/bin/uname -X     = unknown

/bin/arch              = unknown
/usr/bin/arch -k       = unknown
/usr/convex/getsysinfo = unknown
/usr/bin/hostinfo      = Mach kernel version:
	 Darwin Kernel Version 16.7.0: Fri Apr 27 17:59:46 PDT 2018; root:xnu-3789.73.13~1/RELEASE_X86_64
Kernel configured for up to 4 processors.
2 processors are physically available.
4 processors are logically available.
Processor type: x86_64h (Intel x86-64h Haswell)
Processors active: 0 1 2 3
Primary memory available: 8.00 gigabytes
Default processor set: 414 tasks, 3038 threads, 4 processors
Load average: 2.18, Mach factor: 1.95
/bin/machine           = unknown
/usr/bin/oslevel       = unknown
/bin/universe          = unknown

PATH: /usr/local/Caskroom/google-cloud-sdk/latest/google-cloud-sdk/bin
PATH: /Users/tb15/Library/Haskell/bin
PATH: /Users/tb15/bin
PATH: /usr/local/bin
PATH: /Users/tb15/.cargo/bin
PATH: /usr/local/bin
PATH: /usr/bin
PATH: /bin
PATH: /usr/sbin
PATH: /sbin
PATH: /opt/X11/bin
PATH: /usr/local/munki
PATH: /Applications/Wireshark.app/Contents/MacOS
PATH: /usr/local/Caskroom/google-cloud-sdk/latest/google-cloud-sdk/bin
PATH: /Users/tb15/Library/Haskell/bin
PATH: /Users/tb15/bin
PATH: /Users/tb15/.cargo/bin
PATH: /Users/tb15/Applications/anaconda/bin
PATH: /Users/tb15/go/bin
PATH: /Users/tb15/Applications/anaconda/bin
PATH: /Users/tb15/go/bin


## ----------- ##
## Core tests. ##
## ----------- ##

configure:2830: checking for a BSD-compatible install
configure:2898: result: /usr/bin/install -c
configure:2909: checking whether build environment is sane
configure:2964: result: yes
configure:3002: WARNING: 'missing' script is too old or missing
configure:3115: checking for a thread-safe mkdir -p
configure:3154: result: bin/install-sh -c -d
configure:3161: checking for gawk
configure:3191: result: no
configure:3161: checking for mawk
configure:3191: result: no
configure:3161: checking for nawk
configure:3191: result: no
configure:3161: checking for awk
configure:3177: found /usr/bin/awk
configure:3188: result: awk
configure:3199: checking whether make sets $(MAKE)
configure:3221: result: yes
configure:3250: checking whether make supports nested variables
configure:3267: result: yes
configure:3404: checking whether to enable maintainer-specific portions of Makefiles
configure:3413: result: no
configure:3445: checking shell variables initial values
ACLOCAL=aclocal-1.14
AMTAR='$${TAR-tar}'
AM_BACKSLASH='\'
AM_DEFAULT_V='$(AM_DEFAULT_VERBOSITY)'
AM_DEFAULT_VERBOSITY=1
AM_V='$(V)'
AUTOCONF=autoconf
AUTOHEADER=autoheader
AUTOMAKE=automake-1.14
AWK=awk
Apple_PubSub_Socket_Render=/private/tmp/com.apple.launchd.0ATciW5Y1p/Render
BASH=/bin/sh
BASH_ARGC=()
BASH_ARGV=()
BASH_LINENO=([0]="0")
BASH_SOURCE=([0]="./configure")
BASH_VERSINFO=([0]="3" [1]="2" [2]="57" [3]="1" [4]="release" [5]="x86_64-apple-darwin16")
BASH_VERSION='3.2.57(1)-release'
COLORFGBG='15;0'
COLORTERM=truecolor
CYGPATH_W=echo
DIRSTACK=()
DISPLAY=/private/tmp/com.apple.launchd.XqDVnVAgLh/org.macosforge.xquartz:0
DUALCASE=1
ECHO_C='\c'
ECHO_N=
ECHO_T=
EUID=16472
GOPATH=/Users/tb15/go
GROUPS=()
HOME=/Users/tb15
HOMEBREW_CASK_OPTS='--appdir=~/Applications --fontdir=~/Library/Fonts'
HOSTNAME=mib111164i-3.local
HOSTTYPE=x86_64
IFS=' 	
'
INSTALL='/usr/bin/install -c'
INSTALL_DATA='${INSTALL} -m 644'
INSTALL_PROGRAM='${INSTALL}'
INSTALL_SCRIPT='${INSTALL}'
INSTALL_STRIP_PROGRAM='$(install_sh) -c -s'
ITERM_PROFILE=Dracula
ITERM_SESSION_ID=w0t0p0:685AFF8F-FD9E-4E61-903D-E2C98B5382AF
LANG=en_GB.UTF-8
LANGUAGE=C
LC_ALL=C
LC_CTYPE=en_GB.UTF-8
LESS=-FRX
LIBOBJS=
LINENO=3445
LOGNAME=tb15
LSCOLORS=Gxfxcxdxbxegedabagacad
MACHTYPE=x86_64-apple-darwin16
MAINT='#'
MAINTAINER_MODE_FALSE=
MAINTAINER_MODE_TRUE='#'
MAKEFLAGS=
MAKEINFO=makeinfo
MFLAGS=
MISSING='${SHELL} /tmp/hdf4/bin/missing'
MKDIR_P='bin/install-sh -c -d'
OPTERR=1
OPTIND=1
OSTYPE=darwin16
PACKAGE=hdf
PACKAGE_BUGREPORT=help@hdfgroup.org
PACKAGE_NAME=HDF
PACKAGE_STRING='HDF 4.2.14-post0'
PACKAGE_TARNAME=hdf
PACKAGE_URL=
PACKAGE_VERSION=4.2.14-post0
PAGER=less
PATH=/usr/local/Caskroom/google-cloud-sdk/latest/google-cloud-sdk/bin:/Users/tb15/Library/Haskell/bin:/Users/tb15/bin:/usr/local/bin:/Users/tb15/.cargo/bin:/usr/local/bin:/usr/bin:/bin:/usr/sbin:/sbin:/opt/X11/bin:/usr/local/munki:/Applications/Wireshark.app/Contents/MacOS:/usr/local/Caskroom/google-cloud-sdk/latest/google-cloud-sdk/bin:/Users/tb15/Library/Haskell/bin:/Users/tb15/bin:/Users/tb15/.cargo/bin:/Users/tb15/Applications/anaconda/bin:/Users/tb15/go/bin:/Users/tb15/Applications/anaconda/bin:/Users/tb15/go/bin
PATH_SEPARATOR=:
PIPESTATUS=([0]="0")
POSIXLY_CORRECT=y
PPID=43285
PS1='$ '
PS2='> '
PS4='+ '
PWD=/tmp/hdf4
SET_MAKE=
SHELL=/bin/sh
SHELLOPTS=braceexpand:hashall:interactive-comments:posix
SHLVL=3
SSH_AUTH_SOCK=/private/tmp/com.apple.launchd.EAgjmWJeEQ/Listeners
TERM=screen
TERM_PROGRAM=iTerm.app
TERM_PROGRAM_VERSION=3.1.7
TERM_SESSION_ID=w0t0p0:685AFF8F-FD9E-4E61-903D-E2C98B5382AF
TMPDIR=/var/folders/43/8q0j15jd6pv0k8870cz9k99c000h2r/T/
TMUX=/private/tmp/tmux-16472/default,36924,2
TMUX_PANE=%2
UID=16472
USER=tb15
USE_MAINTAINER_MODE=no
VERSION=4.2.14-post0
XPC_FLAGS=0x0
XPC_SERVICE_NAME=0
ZSH=/Users/tb15/.oh-my-zsh
_='checking shell variables initial values... '
__CF_USER_TEXT_ENCODING=0x4058:0x0:0x2
_am_tools='gnutar  pax cpio none'
ac_abs_confdir=/tmp/hdf4
ac_aux_dir=bin
ac_cache_corrupted=false
ac_clean_files=
ac_compile='$CC -c $CFLAGS $CPPFLAGS conftest.$ac_ext >&5'
ac_compiler_gnu=
ac_confdir=.
ac_config_commands=' h4config'
ac_config_guess='/bin/sh bin/config.guess'
ac_config_headers=' hdf/src/h4config.h'
ac_config_libobj_dir=.
ac_config_sub='/bin/sh bin/config.sub'
ac_configure='/bin/sh bin/configure'
ac_configure_args=
ac_cpp='$CPP $CPPFLAGS'
ac_cv_env_CCC_set=
ac_cv_env_CCC_value=
ac_cv_env_CC_set=
ac_cv_env_CC_value=
ac_cv_env_CFLAGS_set=
ac_cv_env_CFLAGS_value=
ac_cv_env_CPPFLAGS_set=
ac_cv_env_CPPFLAGS_value=
ac_cv_env_CPP_set=
ac_cv_env_CPP_value=
ac_cv_env_CXXCPP_set=
ac_cv_env_CXXCPP_value=
ac_cv_env_CXXFLAGS_set=
ac_cv_env_CXXFLAGS_value=
ac_cv_env_CXX_set=
ac_cv_env_CXX_value=
ac_cv_env_F77_set=
ac_cv_env_F77_value=
ac_cv_env_FFLAGS_set=
ac_cv_env_FFLAGS_value=
ac_cv_env_LDFLAGS_set=
ac_cv_env_LDFLAGS_value=
ac_cv_env_LIBS_set=
ac_cv_env_LIBS_value=
ac_cv_env_build_alias_set=
ac_cv_env_build_alias_value=
ac_cv_env_host_alias_set=
ac_cv_env_host_alias_value=
ac_cv_env_target_alias_set=
ac_cv_env_target_alias_value=
ac_cv_path_install='/usr/bin/install -c'
ac_cv_prog_AWK=awk
ac_cv_prog_make_make_set=yes
ac_dashdash=
ac_default_prefix=/tmp/hdf4/hdf4
ac_dir=bin
ac_env_CCC_set=
ac_env_CCC_value=
ac_env_CC_set=
ac_env_CC_value=
ac_env_CFLAGS_set=
ac_env_CFLAGS_value=
ac_env_CPPFLAGS_set=
ac_env_CPPFLAGS_value=
ac_env_CPP_set=
ac_env_CPP_value=
ac_env_CXXCPP_set=
ac_env_CXXCPP_value=
ac_env_CXXFLAGS_set=
ac_env_CXXFLAGS_value=
ac_env_CXX_set=
ac_env_CXX_value=
ac_env_F77_set=
ac_env_F77_value=
ac_env_FFLAGS_set=
ac_env_FFLAGS_value=
ac_env_LDFLAGS_set=
ac_env_LDFLAGS_value=
ac_env_LIBS_set=
ac_env_LIBS_value=
ac_env_build_alias_set=
ac_env_build_alias_value=
ac_env_host_alias_set=
ac_env_host_alias_value=
ac_env_target_alias_set=
ac_env_target_alias_value=
ac_exec_ext=
ac_ext=c
ac_hostname=mib111164i-3.local
ac_includes_default='#include <stdio.h>
#ifdef HAVE_SYS_TYPES_H
# include <sys/types.h>
#endif
#ifdef HAVE_SYS_STAT_H
# include <sys/stat.h>
#endif
#ifdef STDC_HEADERS
# include <stdlib.h>
# include <stddef.h>
#else
# ifdef HAVE_STDLIB_H
#  include <stdlib.h>
# endif
#endif
#ifdef HAVE_STRING_H
# if !defined STDC_HEADERS && defined HAVE_MEMORY_H
#  include <memory.h>
# endif
# include <string.h>
#endif
#ifdef HAVE_STRINGS_H
# include <strings.h>
#endif
#ifdef HAVE_INTTYPES_H
# include <inttypes.h>
#endif
#ifdef HAVE_STDINT_H
# include <stdint.h>
#endif
#ifdef HAVE_UNISTD_H
# include <unistd.h>
#endif'
ac_init_help=
ac_init_version=false
ac_install_sh='bin/install-sh -c'
ac_link='$CC -o conftest$ac_exeext $CFLAGS $CPPFLAGS $LDFLAGS conftest.$ac_ext $LIBS >&5'
ac_ls_di='28761708 .'
ac_make=make
ac_msg='sources are in ., but `cd .'\'' does not work'
ac_must_keep_next=false
ac_new_set=
ac_new_val=
ac_old_set=
ac_old_val=
ac_pass=2
ac_precious_vars='build_alias
host_alias
target_alias
CC
CFLAGS
LDFLAGS
LIBS
CPPFLAGS
CPP
CXX
CXXFLAGS
CCC
F77
FFLAGS
CXXCPP'
ac_prev=
ac_prog=awk
ac_pwd=/tmp/hdf4
ac_pwd_ls_di='28761708 .'
ac_script='s/[\\$]/&&/g;s/;s,x,x,$//'
ac_signal=0
ac_site_file=/tmp/hdf4/hdf4/etc/config.site
ac_site_file1=/tmp/hdf4/hdf4/share/config.site
ac_site_file2=/tmp/hdf4/hdf4/etc/config.site
ac_srcdir_defaulted=yes
ac_subst_files=
ac_subst_vars='am__EXEEXT_FALSE
am__EXEEXT_TRUE
LTLIBOBJS
LIBOBJS
DEPRECATED_SYMBOLS
BUILD_JAVA_CONDITIONAL_FALSE
BUILD_JAVA_CONDITIONAL_TRUE
JAVA_VERSION
F77_VERSION
CC_VERSION
HDF_BUILD_SHARED_FALSE
HDF_BUILD_SHARED_TRUE
SETX
CONFIG_MODE
CONFIG_USER
CONFIG_DATE
H4_VERSION
HDF_BUILD_XDR_FALSE
HDF_BUILD_XDR_TRUE
BUILD_SHARED_SZIP_CONDITIONAL_FALSE
BUILD_SHARED_SZIP_CONDITIONAL_TRUE
SZIP_INFO
LL_PATH
SZIP_HAS_ENCODER
USE_COMP_SZIP
CXXCPP
OTOOL64
OTOOL
LIPO
NMEDIT
DSYMUTIL
MANIFEST_TOOL
RANLIB
ac_ct_AR
DLLTOOL
OBJDUMP
NM
ac_ct_DUMPBIN
DUMPBIN
LD
FGREP
EGREP
GREP
SED
LIBTOOL
LT_STATIC_EXEC
STATIC_EXEC
UNAME_INFO
enable_static
enable_shared
SHARED_EXTENSION
STATIC_SHARED
TBL
NEQN
DIFF
LEX
YACC
AR
LN_S
JAVA_PATH_NAME
TESTS_JUNIT
JAVA_JUNIT
JUNIT
_ACJNI_JAVAC
JAVADOC
JAR
UUDECODE
JAVAC
JAVA
JAVAFLAGS
JAVACFLAGS
JAVAPREFIX
H4_CLASSPATH
HDF_JAVA
H4_JAVAFLAGS
H4_JAVACFLAGS
JNIFLAGS
BUILD_FORTRAN
HDF_BUILD_FORTRAN_FALSE
HDF_BUILD_FORTRAN_TRUE
FLIBS
ac_ct_F77
FFLAGS
F77
am__fastdepCXX_FALSE
am__fastdepCXX_TRUE
CXXDEPMODE
ac_ct_CXX
CXXFLAGS
CXX
CPP
am__fastdepCC_FALSE
am__fastdepCC_TRUE
CCDEPMODE
am__nodep
AMDEPBACKSLASH
AMDEP_FALSE
AMDEP_TRUE
am__quote
am__include
DEPDIR
OBJEXT
EXEEXT
ac_ct_CC
CPPFLAGS
LDFLAGS
CFLAGS
CC
BUILD_NETCDF
HDF_BUILD_NETCDF_FALSE
HDF_BUILD_NETCDF_TRUE
TEST_FORTRAN_NETCDF
host_os
host_vendor
host_cpu
host
build_os
build_vendor
build_cpu
build
MAINT
MAINTAINER_MODE_FALSE
MAINTAINER_MODE_TRUE
AM_BACKSLASH
AM_DEFAULT_VERBOSITY
AM_DEFAULT_V
AM_V
am__untar
am__tar
AMTAR
am__leading_dot
SET_MAKE
AWK
mkdir_p
MKDIR_P
INSTALL_STRIP_PROGRAM
STRIP
install_sh
MAKEINFO
AUTOHEADER
AUTOMAKE
AUTOCONF
ACLOCAL
VERSION
PACKAGE
CYGPATH_W
am__isrc
INSTALL_DATA
INSTALL_SCRIPT
INSTALL_PROGRAM
target_alias
host_alias
build_alias
LIBS
ECHO_T
ECHO_N
ECHO_C
DEFS
mandir
localedir
libdir
psdir
pdfdir
dvidir
htmldir
infodir
docdir
oldincludedir
includedir
localstatedir
sharedstatedir
sysconfdir
datadir
datarootdir
libexecdir
sbindir
bindir
program_transform_name
prefix
exec_prefix
PACKAGE_URL
PACKAGE_BUGREPORT
PACKAGE_STRING
PACKAGE_VERSION
PACKAGE_TARNAME
PACKAGE_NAME
PATH_SEPARATOR
SHELL'
ac_tool_prefix=
ac_unique_file=hdf/src/atom.c
ac_unrecognized_opts=
ac_unrecognized_sep=
ac_user_opts='
enable_option_checking
enable_silent_rules
enable_maintainer_mode
enable_netcdf
enable_dependency_tracking
enable_fortran
enable_java
with_java_prefix
with_javac_flags
with_java_flags
enable_shared
enable_static
with_pic
enable_fast_install
with_gnu_ld
with_sysroot
enable_libtool_lock
enable_static_exec
with_fnord
with_zlib
with_jpeg
with_szlib
enable_hdf4_xdr
enable_production
enable_deprecated_symbols
'
ac_val='${datarootdir}/man'
ac_var=CXXCPP
ac_word=awk
am__api_version=1.14
am__leading_dot=.
am__tar='$${TAR-tar} chof - "$$tardir"'
am__untar='$${TAR-tar} xf -'
am_aux_dir=/tmp/hdf4/bin
am_cv_make_support_nested_variables=yes
am_lf='
'
am_make=make
am_missing_run=
am_sleep_pid=44562
as_basename=basename
as_bourne_compatible='if test -n "${ZSH_VERSION+set}" && (emulate sh) >/dev/null 2>&1; then :
  emulate sh
  NULLCMD=:
  # Pre-4.2 versions of Zsh do word splitting on ${1+"$@"}, which
  # is contrary to our usage.  Disable this feature.
  alias -g '\''${1+"$@"}'\''='\''"$@"'\''
  setopt NO_GLOB_SUBST
else
  case `(set -o) 2>/dev/null` in #(
  *posix*) :
    set -o posix ;; #(
  *) :
     ;;
esac
fi
'
as_cr_LETTERS=ABCDEFGHIJKLMNOPQRSTUVWXYZ
as_cr_Letters=abcdefghijklmnopqrstuvwxyzABCDEFGHIJKLMNOPQRSTUVWXYZ
as_cr_alnum=abcdefghijklmnopqrstuvwxyzABCDEFGHIJKLMNOPQRSTUVWXYZ0123456789
as_cr_digits=0123456789
as_cr_letters=abcdefghijklmnopqrstuvwxyz
as_dir=/usr/bin
as_dirname=dirname
as_echo='printf %s\n'
as_echo_n='printf %s'
as_executable_p=as_fn_executable_p
as_expr=expr
as_have_required=yes
as_lineno_1=477
as_lineno_1a=477
as_lineno_2=478
as_lineno_2a=478
as_ln_s='ln -s'
as_me=configure
as_mkdir_p='mkdir -p "$as_dir"'
as_myself=./configure
as_nl='
'
as_required='as_fn_return () { (exit $1); }
as_fn_success () { as_fn_return 0; }
as_fn_failure () { as_fn_return 1; }
as_fn_ret_success () { return 0; }
as_fn_ret_failure () { return 1; }

exitcode=0
as_fn_success || { exitcode=1; echo as_fn_success failed.; }
as_fn_failure && { exitcode=1; echo as_fn_failure succeeded.; }
as_fn_ret_success || { exitcode=1; echo as_fn_ret_success failed.; }
as_fn_ret_failure && { exitcode=1; echo as_fn_ret_failure succeeded.; }
if ( set x; as_fn_ret_success y && test x = "$1" ); then :

else
  exitcode=1; echo positional parameters were not saved.
fi
test x$exitcode = x0 || exit 1
test -x / || exit 1'
as_save_IFS=' 	
'
as_suggested='  as_lineno_1=198 as_lineno_1a=$LINENO
  as_lineno_2=199 as_lineno_2a=$LINENO
  eval '\''test "x$as_lineno_1'\''$as_run'\''" != "x$as_lineno_2'\''$as_run'\''" &&
  test "x`expr $as_lineno_1'\''$as_run'\'' + 1`" = "x$as_lineno_2'\''$as_run'\''"'\'' || exit 1

  test -n "${ZSH_VERSION+set}${BASH_VERSION+set}" || (
    ECHO='\''\\\\\\\\\\\\\\\\\\\\\\\\\\\\\\\\\\\\\\\\\\\\\\\\\\\\\\\\\\\\\\\\\\\\\\\\\\\\\\\\\\\\\\\\\\\\\\\\\\\\\\\'\''
    ECHO=$ECHO$ECHO$ECHO$ECHO$ECHO
    ECHO=$ECHO$ECHO$ECHO$ECHO$ECHO$ECHO
    PATH=/empty FPATH=/empty; export PATH FPATH
    test "X`printf %s $ECHO`" = "X$ECHO" \
      || test "X`print -r -- $ECHO`" = "X$ECHO" ) || exit 1
test $(( 1 + 1 )) = 2 || exit 1'
as_test_x='test -x'
as_tr_cpp='eval sed '\''y%*abcdefghijklmnopqrstuvwxyz%PABCDEFGHIJKLMNOPQRSTUVWXYZ%;s%[^_abcdefghijklmnopqrstuvwxyzABCDEFGHIJKLMNOPQRSTUVWXYZ0123456789]%_%g'\'''
as_tr_sh='eval sed '\''y%*+%pp%;s%[^_abcdefghijklmnopqrstuvwxyzABCDEFGHIJKLMNOPQRSTUVWXYZ0123456789]%_%g'\'''
as_unset=as_fn_unset
as_var=MAILPATH
bindir='${exec_prefix}/bin'
build=
cache_file=/dev/null
cross_compiling=no
datadir='${datarootdir}'
datarootdir='${prefix}/share'
docdir='${datarootdir}/doc/${PACKAGE_TARNAME}'
dvidir='${docdir}'
exec_prefix=NONE
host=
htmldir='${docdir}'
includedir='${prefix}/include'
infodir='${datarootdir}/info'
install_sh='${SHELL} /tmp/hdf4/bin/install-sh'
libdir='${exec_prefix}/lib'
libexecdir='${exec_prefix}/libexec'
localedir='${datarootdir}/locale'
localstatedir='${prefix}/var'
mandir='${datarootdir}/man'
mkdir_p='$(MKDIR_P)'
no_create=
no_recursion=
oldincludedir=/usr/include
pdfdir='${docdir}'
prefix=NONE
program_prefix=NONE
program_suffix=NONE
program_transform_name=s,x,x,
psdir='${docdir}'
sbindir='${exec_prefix}/sbin'
sharedstatedir='${prefix}/com'
silent=
site=
srcdir=.
subdirs=
sysconfdir='${prefix}/etc'
target=
verbose=
x_includes=NONE
x_libraries=NONE
configure:3448: result: done
configure:3455: checking build system type
configure:3469: result: i386-apple-darwin16.7.0
configure:3489: checking host system type
configure:3502: result: i386-apple-darwin16.7.0
configure:3523: checking if basename works
configure:3529: result: yes
configure:3533: checking if xargs works
configure:3539: result: yes
configure:3582: checking for config i386-apple-darwin16.7.0
configure:3590: result: no
configure:3582: checking for config i386-apple-darwin16.7.0
configure:3590: result: no
configure:3582: checking for config apple-darwin16.7.0
configure:3590: result: no
configure:3582: checking for config apple-darwin16.7.0
configure:3590: result: no
configure:3582: checking for config i386-darwin16.7.0
configure:3590: result: no
configure:3582: checking for config i386-darwin16.7.0
configure:3590: result: no
configure:3582: checking for config i386-apple
configure:3590: result: no
configure:3582: checking for config darwin16.7.0
configure:3590: result: no
configure:3582: checking for config darwin16.7.0
configure:3590: result: no
configure:3582: checking for config apple
configure:3586: result: found
configure:3643: checking whether make sets $(MAKE)
configure:3665: result: yes
configure:3723: checking for gcc
configure:3750: result: clang
configure:3979: checking for C compiler version
configure:3988: clang --version >&5
Apple LLVM version 9.0.0 (clang-900.0.39.2)
Target: x86_64-apple-darwin16.7.0
Thread model: posix
InstalledDir: /Applications/Xcode.app/Contents/Developer/Toolchains/XcodeDefault.xctoolchain/usr/bin
configure:3999: $? = 0
configure:3988: clang -v >&5
Apple LLVM version 9.0.0 (clang-900.0.39.2)
Target: x86_64-apple-darwin16.7.0
Thread model: posix
InstalledDir: /Applications/Xcode.app/Contents/Developer/Toolchains/XcodeDefault.xctoolchain/usr/bin
configure:3999: $? = 0
configure:3988: clang -V >&5
clang: error: argument to '-V' is missing (expected 1 value)
clang: error: no input files
configure:3999: $? = 1
configure:3988: clang -qversion >&5
clang: error: unknown argument: '-qversion'
clang: error: no input files
configure:3999: $? = 1
configure:4019: checking whether the C compiler works
configure:4041: clang    conftest.c  >&5
configure:4045: $? = 0
configure:4093: result: yes
configure:4096: checking for C compiler default output file name
configure:4098: result: a.out
configure:4104: checking for suffix of executables
configure:4111: clang -o conftest    conftest.c  >&5
configure:4115: $? = 0
configure:4137: result: 
configure:4159: checking whether we are cross compiling
configure:4167: clang -o conftest    conftest.c  >&5
configure:4171: $? = 0
configure:4178: ./conftest
configure:4182: $? = 0
configure:4197: result: no
configure:4202: checking for suffix of object files
configure:4224: clang -c   conftest.c >&5
configure:4228: $? = 0
configure:4249: result: o
configure:4253: checking whether we are using the GNU C compiler
configure:4272: clang -c   conftest.c >&5
configure:4272: $? = 0
configure:4281: result: yes
configure:4290: checking whether clang accepts -g
configure:4310: clang -c -g  conftest.c >&5
configure:4310: $? = 0
configure:4351: result: yes
configure:4368: checking for clang option to accept ISO C89
configure:4431: clang  -c   conftest.c >&5
configure:4431: $? = 0
configure:4444: result: none needed
configure:4469: checking whether clang understands -c and -o together
configure:4491: clang -c conftest.c -o conftest2.o
configure:4494: $? = 0
configure:4491: clang -c conftest.c -o conftest2.o
configure:4494: $? = 0
configure:4506: result: yes
configure:4534: checking for style of include used by make
configure:4562: result: GNU
configure:4588: checking dependency style of clang
configure:4699: result: gcc3
configure:4719: checking how to run the C preprocessor
configure:4750: clang -E  conftest.c
configure:4750: $? = 0
configure:4764: clang -E  conftest.c
conftest.c:12:10: fatal error: 'ac_nonexistent.h' file not found
#include <ac_nonexistent.h>
         ^~~~~~~~~~~~~~~~~~
1 error generated.
configure:4764: $? = 1
configure: failed program was:
| /* confdefs.h */
| #define PACKAGE_NAME "HDF"
| #define PACKAGE_TARNAME "hdf"
| #define PACKAGE_VERSION "4.2.14-post0"
| #define PACKAGE_STRING "HDF 4.2.14-post0"
| #define PACKAGE_BUGREPORT "help@hdfgroup.org"
| #define PACKAGE_URL ""
| #define PACKAGE "hdf"
| #define VERSION "4.2.14-post0"
| #define HAVE_NETCDF 1
| /* end confdefs.h.  */
| #include <ac_nonexistent.h>
configure:4789: result: clang -E
configure:4809: clang -E  conftest.c
configure:4809: $? = 0
configure:4823: clang -E  conftest.c
conftest.c:12:10: fatal error: 'ac_nonexistent.h' file not found
#include <ac_nonexistent.h>
         ^~~~~~~~~~~~~~~~~~
1 error generated.
configure:4823: $? = 1
configure: failed program was:
| /* confdefs.h */
| #define PACKAGE_NAME "HDF"
| #define PACKAGE_TARNAME "hdf"
| #define PACKAGE_VERSION "4.2.14-post0"
| #define PACKAGE_STRING "HDF 4.2.14-post0"
| #define PACKAGE_BUGREPORT "help@hdfgroup.org"
| #define PACKAGE_URL ""
| #define PACKAGE "hdf"
| #define VERSION "4.2.14-post0"
| #define HAVE_NETCDF 1
| /* end confdefs.h.  */
| #include <ac_nonexistent.h>
configure:4909: checking for g++
configure:4925: found /usr/bin/g++
configure:4936: result: g++
configure:4963: checking for C++ compiler version
configure:4972: g++ --version >&5
Apple LLVM version 9.0.0 (clang-900.0.39.2)
Target: x86_64-apple-darwin16.7.0
Thread model: posix
InstalledDir: /Applications/Xcode.app/Contents/Developer/Toolchains/XcodeDefault.xctoolchain/usr/bin
Configured with: --prefix=/Applications/Xcode.app/Contents/Developer/usr --with-gxx-include-dir=/usr/include/c++/4.2.1
configure:4983: $? = 0
configure:4972: g++ -v >&5
Configured with: --prefix=/Applications/Xcode.app/Contents/Developer/usr --with-gxx-include-dir=/usr/include/c++/4.2.1
Apple LLVM version 9.0.0 (clang-900.0.39.2)
Target: x86_64-apple-darwin16.7.0
Thread model: posix
InstalledDir: /Applications/Xcode.app/Contents/Developer/Toolchains/XcodeDefault.xctoolchain/usr/bin
configure:4983: $? = 0
configure:4972: g++ -V >&5
clang: error: argument to '-V' is missing (expected 1 value)
clang: error: no input files
configure:4983: $? = 1
configure:4972: g++ -qversion >&5
clang: error: unknown argument: '-qversion'
clang: error: no input files
configure:4983: $? = 1
configure:4987: checking whether we are using the GNU C++ compiler
configure:5006: g++ -c   conftest.cpp >&5
configure:5006: $? = 0
configure:5015: result: yes
configure:5024: checking whether g++ accepts -g
configure:5044: g++ -c -g  conftest.cpp >&5
configure:5044: $? = 0
configure:5085: result: yes
configure:5110: checking dependency style of g++
configure:5221: result: gcc3
configure:5354: checking for Fortran 77 compiler version
configure:5363: gfortran --version >&5
GNU Fortran (Homebrew GCC 8.2.0) 8.2.0
Copyright (C) 2018 Free Software Foundation, Inc.
This is free software; see the source for copying conditions.  There is NO
warranty; not even for MERCHANTABILITY or FITNESS FOR A PARTICULAR PURPOSE.

configure:5374: $? = 0
configure:5363: gfortran -v >&5
Using built-in specs.
COLLECT_GCC=gfortran
COLLECT_LTO_WRAPPER=/usr/local/Cellar/gcc/8.2.0/libexec/gcc/x86_64-apple-darwin16.7.0/8.2.0/lto-wrapper
Target: x86_64-apple-darwin16.7.0
Configured with: ../configure --build=x86_64-apple-darwin16.7.0 --prefix=/usr/local/Cellar/gcc/8.2.0 --libdir=/usr/local/Cellar/gcc/8.2.0/lib/gcc/8 --enable-languages=c,c++,objc,obj-c++,fortran --program-suffix=-8 --with-gmp=/usr/local/opt/gmp --with-mpfr=/usr/local/opt/mpfr --with-mpc=/usr/local/opt/libmpc --with-isl=/usr/local/opt/isl --with-system-zlib --enable-checking=release --with-pkgversion='Homebrew GCC 8.2.0' --with-bugurl=https://github.com/Homebrew/homebrew-core/issues --disable-nls
Thread model: posix
gcc version 8.2.0 (Homebrew GCC 8.2.0) 
configure:5374: $? = 0
configure:5363: gfortran -V >&5
gfortran: error: unrecognized command line option '-V'
gfortran: fatal error: no input files
compilation terminated.
configure:5374: $? = 1
configure:5363: gfortran -qversion >&5
gfortran: error: unrecognized command line option '-qversion'; did you mean '--version'?
gfortran: fatal error: no input files
compilation terminated.
configure:5374: $? = 1
configure:5383: checking whether we are using the GNU Fortran 77 compiler
configure:5396: gfortran -c  conftest.F >&5
configure:5396: $? = 0
configure:5405: result: yes
configure:5411: checking whether gfortran accepts -g
configure:5422: gfortran -c -g conftest.f >&5
configure:5422: $? = 0
configure:5430: result: yes
configure:5464: checking how to get verbose linking output from gfortran
configure:5474: gfortran -c  conftest.f >&5
configure:5474: $? = 0
configure:5492: gfortran -o conftest -v conftest.f
Using built-in specs.
Target: x86_64-apple-darwin16.7.0
Thread model: posix
gcc version 8.2.0 (Homebrew GCC 8.2.0) 
 /usr/local/Cellar/gcc/8.2.0/libexec/gcc/x86_64-apple-darwin16.7.0/8.2.0/f951 conftest.f -ffixed-form -fPIC -quiet -dumpbase conftest.f -mmacosx-version-min=10.12.0 -mtune=core2 -auxbase conftest -version -fintrinsic-modules-path /usr/local/Cellar/gcc/8.2.0/lib/gcc/8/gcc/x86_64-apple-darwin16.7.0/8.2.0/finclude -o /var/folders/43/8q0j15jd6pv0k8870cz9k99c000h2r/T//ccXG6tEy.s
GNU Fortran (Homebrew GCC 8.2.0) version 8.2.0 (x86_64-apple-darwin16.7.0)
	compiled by GNU C version 8.2.0, GMP version 6.1.2, MPFR version 4.0.1, MPC version 1.1.0, isl version isl-0.20-GMP

GGC heuristics: --param ggc-min-expand=100 --param ggc-min-heapsize=131072
GNU Fortran2008 (Homebrew GCC 8.2.0) version 8.2.0 (x86_64-apple-darwin16.7.0)
	compiled by GNU C version 8.2.0, GMP version 6.1.2, MPFR version 4.0.1, MPC version 1.1.0, isl version isl-0.20-GMP

GGC heuristics: --param ggc-min-expand=100 --param ggc-min-heapsize=131072
 as -arch x86_64 -v -force_cpusubtype_ALL -mmacosx-version-min=10.12 -o /var/folders/43/8q0j15jd6pv0k8870cz9k99c000h2r/T//cclOoHi8.o /var/folders/43/8q0j15jd6pv0k8870cz9k99c000h2r/T//ccXG6tEy.s
Apple LLVM version 9.0.0 (clang-900.0.39.2)
Target: x86_64-apple-darwin16.7.0
Thread model: posix
InstalledDir: /Applications/Xcode.app/Contents/Developer/Toolchains/XcodeDefault.xctoolchain/usr/bin
 "/Applications/Xcode.app/Contents/Developer/Toolchains/XcodeDefault.xctoolchain/usr/bin/clang" -cc1as -triple x86_64-apple-macosx10.12.0 -filetype obj -main-file-name ccXG6tEy.s -target-cpu penryn -fdebug-compilation-dir /tmp/hdf4 -dwarf-debug-producer Apple LLVM version 9.0.0 (clang-900.0.39.2) -dwarf-version=4 -mrelocation-model pic -o /var/folders/43/8q0j15jd6pv0k8870cz9k99c000h2r/T//cclOoHi8.o /var/folders/43/8q0j15jd6pv0k8870cz9k99c000h2r/T//ccXG6tEy.s
Reading specs from /usr/local/Cellar/gcc/8.2.0/lib/gcc/8/gcc/x86_64-apple-darwin16.7.0/8.2.0/../../../libgfortran.spec
rename spec lib to liborig
 /usr/local/Cellar/gcc/8.2.0/libexec/gcc/x86_64-apple-darwin16.7.0/8.2.0/collect2 -dynamic -arch x86_64 -macosx_version_min 10.12.0 -weak_reference_mismatches non-weak -o conftest -L/usr/local/Cellar/gcc/8.2.0/lib/gcc/8/gcc/x86_64-apple-darwin16.7.0/8.2.0 -L/usr/local/Cellar/gcc/8.2.0/lib/gcc/8/gcc/x86_64-apple-darwin16.7.0/8.2.0/../../.. /var/folders/43/8q0j15jd6pv0k8870cz9k99c000h2r/T//cclOoHi8.o -lgfortran -no_compact_unwind -lSystem -lgcc_ext.10.5 -lgcc -lquadmath -lm -lgcc_ext.10.5 -lgcc -lSystem -v
collect2 version 8.2.0
/usr/bin/ld -dynamic -arch x86_64 -macosx_version_min 10.12.0 -weak_reference_mismatches non-weak -o conftest -L/usr/local/Cellar/gcc/8.2.0/lib/gcc/8/gcc/x86_64-apple-darwin16.7.0/8.2.0 -L/usr/local/Cellar/gcc/8.2.0/lib/gcc/8/gcc/x86_64-apple-darwin16.7.0/8.2.0/../../.. /var/folders/43/8q0j15jd6pv0k8870cz9k99c000h2r/T//cclOoHi8.o -lgfortran -no_compact_unwind -lSystem -lgcc_ext.10.5 -lgcc -lquadmath -lm -lgcc_ext.10.5 -lgcc -lSystem -v
@(#)PROGRAM:ld  PROJECT:ld64-305
configured to support archs: armv6 armv7 armv7s arm64 i386 x86_64 x86_64h armv6m armv7k armv7m armv7em (tvOS)
Library search paths:
	/usr/local/Cellar/gcc/8.2.0/lib/gcc/8/gcc/x86_64-apple-darwin16.7.0/8.2.0
	/usr/local/Cellar/gcc/8.2.0/lib/gcc/8
	/usr/lib
	/usr/local/lib
Framework search paths:
	/Library/Frameworks/
	/System/Library/Frameworks/
 /usr/bin/nm -n /var/folders/43/8q0j15jd6pv0k8870cz9k99c000h2r/T//cclOoHi8.o
configure:5575: result: -v
configure:5577: checking for Fortran 77 libraries of gfortran
configure:5600: gfortran -o conftest -v conftest.f
Using built-in specs.
Target: x86_64-apple-darwin16.7.0
Thread model: posix
gcc version 8.2.0 (Homebrew GCC 8.2.0) 
 /usr/local/Cellar/gcc/8.2.0/libexec/gcc/x86_64-apple-darwin16.7.0/8.2.0/f951 conftest.f -ffixed-form -fPIC -quiet -dumpbase conftest.f -mmacosx-version-min=10.12.0 -mtune=core2 -auxbase conftest -version -fintrinsic-modules-path /usr/local/Cellar/gcc/8.2.0/lib/gcc/8/gcc/x86_64-apple-darwin16.7.0/8.2.0/finclude -o /var/folders/43/8q0j15jd6pv0k8870cz9k99c000h2r/T//cc4nYiqu.s
GNU Fortran (Homebrew GCC 8.2.0) version 8.2.0 (x86_64-apple-darwin16.7.0)
	compiled by GNU C version 8.2.0, GMP version 6.1.2, MPFR version 4.0.1, MPC version 1.1.0, isl version isl-0.20-GMP

GGC heuristics: --param ggc-min-expand=100 --param ggc-min-heapsize=131072
GNU Fortran2008 (Homebrew GCC 8.2.0) version 8.2.0 (x86_64-apple-darwin16.7.0)
	compiled by GNU C version 8.2.0, GMP version 6.1.2, MPFR version 4.0.1, MPC version 1.1.0, isl version isl-0.20-GMP

GGC heuristics: --param ggc-min-expand=100 --param ggc-min-heapsize=131072
 as -arch x86_64 -v -force_cpusubtype_ALL -mmacosx-version-min=10.12 -o /var/folders/43/8q0j15jd6pv0k8870cz9k99c000h2r/T//cceF677j.o /var/folders/43/8q0j15jd6pv0k8870cz9k99c000h2r/T//cc4nYiqu.s
Apple LLVM version 9.0.0 (clang-900.0.39.2)
Target: x86_64-apple-darwin16.7.0
Thread model: posix
InstalledDir: /Applications/Xcode.app/Contents/Developer/Toolchains/XcodeDefault.xctoolchain/usr/bin
 "/Applications/Xcode.app/Contents/Developer/Toolchains/XcodeDefault.xctoolchain/usr/bin/clang" -cc1as -triple x86_64-apple-macosx10.12.0 -filetype obj -main-file-name cc4nYiqu.s -target-cpu penryn -fdebug-compilation-dir /tmp/hdf4 -dwarf-debug-producer Apple LLVM version 9.0.0 (clang-900.0.39.2) -dwarf-version=4 -mrelocation-model pic -o /var/folders/43/8q0j15jd6pv0k8870cz9k99c000h2r/T//cceF677j.o /var/folders/43/8q0j15jd6pv0k8870cz9k99c000h2r/T//cc4nYiqu.s
Reading specs from /usr/local/Cellar/gcc/8.2.0/lib/gcc/8/gcc/x86_64-apple-darwin16.7.0/8.2.0/../../../libgfortran.spec
rename spec lib to liborig
 /usr/local/Cellar/gcc/8.2.0/libexec/gcc/x86_64-apple-darwin16.7.0/8.2.0/collect2 -dynamic -arch x86_64 -macosx_version_min 10.12.0 -weak_reference_mismatches non-weak -o conftest -L/usr/local/Cellar/gcc/8.2.0/lib/gcc/8/gcc/x86_64-apple-darwin16.7.0/8.2.0 -L/usr/local/Cellar/gcc/8.2.0/lib/gcc/8/gcc/x86_64-apple-darwin16.7.0/8.2.0/../../.. /var/folders/43/8q0j15jd6pv0k8870cz9k99c000h2r/T//cceF677j.o -lgfortran -no_compact_unwind -lSystem -lgcc_ext.10.5 -lgcc -lquadmath -lm -lgcc_ext.10.5 -lgcc -lSystem -v
collect2 version 8.2.0
/usr/bin/ld -dynamic -arch x86_64 -macosx_version_min 10.12.0 -weak_reference_mismatches non-weak -o conftest -L/usr/local/Cellar/gcc/8.2.0/lib/gcc/8/gcc/x86_64-apple-darwin16.7.0/8.2.0 -L/usr/local/Cellar/gcc/8.2.0/lib/gcc/8/gcc/x86_64-apple-darwin16.7.0/8.2.0/../../.. /var/folders/43/8q0j15jd6pv0k8870cz9k99c000h2r/T//cceF677j.o -lgfortran -no_compact_unwind -lSystem -lgcc_ext.10.5 -lgcc -lquadmath -lm -lgcc_ext.10.5 -lgcc -lSystem -v
@(#)PROGRAM:ld  PROJECT:ld64-305
configured to support archs: armv6 armv7 armv7s arm64 i386 x86_64 x86_64h armv6m armv7k armv7m armv7em (tvOS)
Library search paths:
	/usr/local/Cellar/gcc/8.2.0/lib/gcc/8/gcc/x86_64-apple-darwin16.7.0/8.2.0
	/usr/local/Cellar/gcc/8.2.0/lib/gcc/8
	/usr/lib
	/usr/local/lib
Framework search paths:
	/Library/Frameworks/
	/System/Library/Frameworks/
 /usr/bin/nm -n /var/folders/43/8q0j15jd6pv0k8870cz9k99c000h2r/T//cceF677j.o
configure:5796: result:  -L/usr/local/Cellar/gcc/8.2.0/lib/gcc/8/gcc/x86_64-apple-darwin16.7.0/8.2.0 -L/usr/local/Cellar/gcc/8.2.0/lib/gcc/8/gcc/x86_64-apple-darwin16.7.0/8.2.0/../../.. -lgfortran -lquadmath -lm
configure:5813: checking for dummy main to link with Fortran 77 libraries
configure:5847: clang -o conftest    conftest.c   -L/usr/local/Cellar/gcc/8.2.0/lib/gcc/8/gcc/x86_64-apple-darwin16.7.0/8.2.0 -L/usr/local/Cellar/gcc/8.2.0/lib/gcc/8/gcc/x86_64-apple-darwin16.7.0/8.2.0/../../.. -lgfortran -lquadmath -lm >&5
configure:5847: $? = 0
configure:5892: result: none
configure:5925: checking for Fortran 77 name-mangling scheme
configure:5938: gfortran -c  conftest.f >&5
configure:5938: $? = 0
configure:5979: clang -o conftest    conftest.c cfortran_test.o   -L/usr/local/Cellar/gcc/8.2.0/lib/gcc/8/gcc/x86_64-apple-darwin16.7.0/8.2.0 -L/usr/local/Cellar/gcc/8.2.0/lib/gcc/8/gcc/x86_64-apple-darwin16.7.0/8.2.0/../../.. -lgfortran -lquadmath -lm >&5
Undefined symbols for architecture x86_64:
  "_foobar", referenced from:
      _main in conftest-0ee6ef.o
     (maybe you meant: _foobar_)
ld: symbol(s) not found for architecture x86_64
clang: error: linker command failed with exit code 1 (use -v to see invocation)
configure:5979: $? = 1
configure: failed program was:
| /* confdefs.h */
| #define PACKAGE_NAME "HDF"
| #define PACKAGE_TARNAME "hdf"
| #define PACKAGE_VERSION "4.2.14-post0"
| #define PACKAGE_STRING "HDF 4.2.14-post0"
| #define PACKAGE_BUGREPORT "help@hdfgroup.org"
| #define PACKAGE_URL ""
| #define PACKAGE "hdf"
| #define VERSION "4.2.14-post0"
| #define HAVE_NETCDF 1
| /* end confdefs.h.  */
| 
| /* Override any GCC internal prototype to avoid an error.
|    Use char because int might match the return type of a GCC
|    builtin and then its argument prototype would still apply.  */
| #ifdef __cplusplus
| extern "C"
| #endif
| char foobar ();
| #ifdef F77_DUMMY_MAIN
| 
| #  ifdef __cplusplus
|      extern "C"
| #  endif
|    int F77_DUMMY_MAIN() { return 1; }
| 
| #endif
| int
| main ()
| {
| return foobar ();
|   ;
|   return 0;
| }
configure:5979: clang -o conftest    conftest.c cfortran_test.o   -L/usr/local/Cellar/gcc/8.2.0/lib/gcc/8/gcc/x86_64-apple-darwin16.7.0/8.2.0 -L/usr/local/Cellar/gcc/8.2.0/lib/gcc/8/gcc/x86_64-apple-darwin16.7.0/8.2.0/../../.. -lgfortran -lquadmath -lm >&5
configure:5979: $? = 0
configure:6037: clang -o conftest    conftest.c cfortran_test.o   -L/usr/local/Cellar/gcc/8.2.0/lib/gcc/8/gcc/x86_64-apple-darwin16.7.0/8.2.0 -L/usr/local/Cellar/gcc/8.2.0/lib/gcc/8/gcc/x86_64-apple-darwin16.7.0/8.2.0/../../.. -lgfortran -lquadmath -lm >&5
configure:6037: $? = 0
configure:6079: result: lower case, underscore, no extra underscore
configure:6179: checking if Java JNI interface enabled
configure:7238: result: no
configure:7257: checking whether ln -s works
configure:7261: result: yes
configure:7273: checking for ar
configure:7289: found /usr/bin/ar
configure:7300: result: ar
configure:7317: checking for bison
configure:7333: found /usr/bin/bison
configure:7344: result: bison -y
configure:7365: checking for flex
configure:7381: found /usr/bin/flex
configure:7392: result: flex
configure:7411: checking for diff
configure:7427: found /usr/bin/diff
configure:7438: result: diff -w
configure:7448: checking for makeinfo
configure:7475: result: makeinfo
configure:7485: checking for neqn
configure:7501: found /usr/bin/neqn
configure:7512: result: neqn
configure:7522: checking for tbl
configure:7538: found /usr/bin/tbl
configure:7549: result: tbl
configure:7617: checking how to print strings
configure:7644: result: printf
configure:7665: checking for a sed that does not truncate output
configure:7729: result: /usr/bin/sed
configure:7747: checking for grep that handles long lines and -e
configure:7805: result: /usr/bin/grep
configure:7810: checking for egrep
configure:7872: result: /usr/bin/grep -E
configure:7877: checking for fgrep
configure:7939: result: /usr/bin/grep -F
configure:7974: checking for ld used by clang
configure:8041: result: /Applications/Xcode.app/Contents/Developer/Toolchains/XcodeDefault.xctoolchain/usr/bin/ld
configure:8048: checking if the linker (/Applications/Xcode.app/Contents/Developer/Toolchains/XcodeDefault.xctoolchain/usr/bin/ld) is GNU ld
configure:8063: result: no
configure:8075: checking for BSD- or MS-compatible name lister (nm)
configure:8124: result: /usr/bin/nm -B
configure:8254: checking the name lister (/usr/bin/nm -B) interface
configure:8261: clang -c   conftest.c >&5
configure:8264: /usr/bin/nm -B "conftest.o"
configure:8267: output
0000000000000000 S _some_variable
configure:8274: result: BSD nm
configure:8278: checking the maximum length of command line arguments
configure:8408: result: 196608
configure:8425: checking whether the shell understands some XSI constructs
configure:8435: result: yes
configure:8439: checking whether the shell understands "+="
configure:8445: result: yes
configure:8480: checking how to convert i386-apple-darwin16.7.0 file names to i386-apple-darwin16.7.0 format
configure:8520: result: func_convert_file_noop
configure:8527: checking how to convert i386-apple-darwin16.7.0 file names to toolchain format
configure:8547: result: func_convert_file_noop
configure:8554: checking for /Applications/Xcode.app/Contents/Developer/Toolchains/XcodeDefault.xctoolchain/usr/bin/ld option to reload object files
configure:8561: result: -r
configure:8635: checking for objdump
configure:8651: found /usr/bin/objdump
configure:8662: result: objdump
configure:8694: checking how to recognize dependent libraries
configure:8896: result: pass_all
configure:8981: checking for dlltool
configure:9011: result: no
configure:9041: checking how to associate runtime and link libraries
configure:9068: result: printf %s\n
configure:9192: checking for archiver @FILE support
configure:9217: clang -c   conftest.c >&5
configure:9217: $? = 0
configure:9220: ar cru libconftest.a @conftest.lst >&5
ar: @conftest.lst: No such file or directory
configure:9223: $? = 1
configure:9243: result: no
configure:9301: checking for strip
configure:9317: found /usr/bin/strip
configure:9328: result: strip
configure:9400: checking for ranlib
configure:9416: found /usr/bin/ranlib
configure:9427: result: ranlib
configure:9529: checking command to parse /usr/bin/nm -B output from clang object
configure:9649: clang -c   conftest.c >&5
configure:9652: $? = 0
configure:9656: /usr/bin/nm -B conftest.o \| sed -n -e 's/^.*[ ]\([BCDEGRST][BCDEGRST]*\)[ ][ ]*\([_A-Za-z][_A-Za-z0-9]*\)$/\1 \2 \2/p' | sed '/ __gnu_lto/d' \> conftest.nm
configure:9659: $? = 0
cannot find nm_test_var in conftest.nm
configure:9649: clang -c   conftest.c >&5
configure:9652: $? = 0
configure:9656: /usr/bin/nm -B conftest.o \| sed -n -e 's/^.*[ ]\([BCDEGRST][BCDEGRST]*\)[ ][ ]*_\([_A-Za-z][_A-Za-z0-9]*\)$/\1 _\2 \2/p' | sed '/ __gnu_lto/d' \> conftest.nm
configure:9659: $? = 0
configure:9725: clang -o conftest    conftest.c conftstm.o >&5
configure:9728: $? = 0
configure:9766: result: ok
configure:9803: checking for sysroot
configure:9833: result: no
configure:10097: checking for mt
configure:10127: result: no
configure:10147: checking if : is a manifest tool
configure:10153: : '-?'
configure:10161: result: no
configure:10217: checking for dsymutil
configure:10233: found /usr/bin/dsymutil
configure:10244: result: dsymutil
configure:10309: checking for nmedit
configure:10325: found /usr/bin/nmedit
configure:10336: result: nmedit
configure:10401: checking for lipo
configure:10417: found /usr/bin/lipo
configure:10428: result: lipo
configure:10493: checking for otool
configure:10509: found /usr/bin/otool
configure:10520: result: otool
configure:10585: checking for otool64
configure:10615: result: no
configure:10660: checking for -single_module linker flag
clang   -o libconftest.dylib -dynamiclib -Wl,-single_module conftest.c
configure:10693: result: yes
configure:10696: checking for -exported_symbols_list linker flag
configure:10724: clang -o conftest    -Wl,-exported_symbols_list,conftest.sym conftest.c  >&5
configure:10724: $? = 0
configure:10734: result: yes
configure:10737: checking for -force_load linker flag
clang  -c -o conftest.o conftest.c
ar cru libconftest.a conftest.o
ranlib libconftest.a
clang   -o conftest conftest.c -Wl,-force_load,./libconftest.a
configure:10769: result: yes
configure:10807: checking for ANSI C header files
configure:10835: clang -c   conftest.c >&5
configure:10835: $? = 0
configure:10908: clang -o conftest    conftest.c  >&5
configure:10908: $? = 0
configure:10908: ./conftest
configure:10908: $? = 0
configure:10919: result: yes
configure:10932: checking for sys/types.h
configure:10932: clang -c   conftest.c >&5
configure:10932: $? = 0
configure:10932: result: yes
configure:10932: checking for sys/stat.h
configure:10932: clang -c   conftest.c >&5
configure:10932: $? = 0
configure:10932: result: yes
configure:10932: checking for stdlib.h
configure:10932: clang -c   conftest.c >&5
configure:10932: $? = 0
configure:10932: result: yes
configure:10932: checking for string.h
configure:10932: clang -c   conftest.c >&5
configure:10932: $? = 0
configure:10932: result: yes
configure:10932: checking for memory.h
configure:10932: clang -c   conftest.c >&5
configure:10932: $? = 0
configure:10932: result: yes
configure:10932: checking for strings.h
configure:10932: clang -c   conftest.c >&5
configure:10932: $? = 0
configure:10932: result: yes
configure:10932: checking for inttypes.h
configure:10932: clang -c   conftest.c >&5
configure:10932: $? = 0
configure:10932: result: yes
configure:10932: checking for stdint.h
configure:10932: clang -c   conftest.c >&5
configure:10932: $? = 0
configure:10932: result: yes
configure:10932: checking for unistd.h
configure:10932: clang -c   conftest.c >&5
configure:10932: $? = 0
configure:10932: result: yes
configure:10946: checking for dlfcn.h
configure:10946: clang -c   conftest.c >&5
configure:10946: $? = 0
configure:10946: result: yes
configure:11161: checking for objdir
configure:11176: result: .libs
configure:11443: checking if clang supports -fno-rtti -fno-exceptions
configure:11461: clang -c   -fno-rtti -fno-exceptions conftest.c >&5
configure:11465: $? = 0
configure:11478: result: yes
configure:11805: checking for clang option to produce PIC
configure:11812: result: -fno-common -DPIC
configure:11820: checking if clang PIC flag -fno-common -DPIC works
configure:11838: clang -c   -fno-common -DPIC -DPIC conftest.c >&5
configure:11842: $? = 0
configure:11855: result: yes
configure:11884: checking if clang static flag -static works
configure:11912: result: no
configure:11927: checking if clang supports -c -o file.o
configure:11948: clang -c   -o out/conftest2.o conftest.c >&5
configure:11952: $? = 0
configure:11974: result: yes
configure:11982: checking if clang supports -c -o file.o
configure:12029: result: yes
configure:12062: checking whether the clang linker (/Applications/Xcode.app/Contents/Developer/Toolchains/XcodeDefault.xctoolchain/usr/bin/ld) supports shared libraries
configure:13231: result: yes
configure:13471: checking dynamic linker characteristics
configure:14212: result: darwin16.7.0 dyld
configure:14319: checking how to hardcode library paths into programs
configure:14344: result: immediate
configure:14389: checking for dlopen in -ldl
configure:14422: clang -o conftest    conftest.c -ldl   >&5
configure:14422: $? = 0
configure:14431: result: yes
configure:14678: checking whether a program can dlopen itself
configure:14758: clang -o conftest   -DHAVE_DLFCN_H   conftest.c -ldl  >&5
configure:14761: $? = 0
configure:14779: result: yes
configure:14784: checking whether a statically linked program can dlopen itself
configure:14864: clang -o conftest   -DHAVE_DLFCN_H    conftest.c -ldl  >&5
configure:14867: $? = 0
configure:14885: result: yes
configure:14924: checking whether stripping libraries is possible
configure:14938: result: yes
configure:14964: checking if libtool supports shared libraries
configure:14966: result: yes
configure:14969: checking whether to build shared libraries
configure:14990: result: no
configure:14993: checking whether to build static libraries
configure:14997: result: yes
configure:15020: checking how to run the C++ preprocessor
configure:15047: g++ -E  conftest.cpp
configure:15047: $? = 0
configure:15061: g++ -E  conftest.cpp
conftest.cpp:26:10: fatal error: 'ac_nonexistent.h' file not found
#include <ac_nonexistent.h>
         ^~~~~~~~~~~~~~~~~~
1 error generated.
configure:15061: $? = 1
configure: failed program was:
| /* confdefs.h */
| #define PACKAGE_NAME "HDF"
| #define PACKAGE_TARNAME "hdf"
| #define PACKAGE_VERSION "4.2.14-post0"
| #define PACKAGE_STRING "HDF 4.2.14-post0"
| #define PACKAGE_BUGREPORT "help@hdfgroup.org"
| #define PACKAGE_URL ""
| #define PACKAGE "hdf"
| #define VERSION "4.2.14-post0"
| #define HAVE_NETCDF 1
| #define F77_FUNC(name,NAME) name ## _
| #define F77_FUNC_(name,NAME) name ## _
| #define STDC_HEADERS 1
| #define HAVE_SYS_TYPES_H 1
| #define HAVE_SYS_STAT_H 1
| #define HAVE_STDLIB_H 1
| #define HAVE_STRING_H 1
| #define HAVE_MEMORY_H 1
| #define HAVE_STRINGS_H 1
| #define HAVE_INTTYPES_H 1
| #define HAVE_STDINT_H 1
| #define HAVE_UNISTD_H 1
| #define HAVE_DLFCN_H 1
| #define LT_OBJDIR ".libs/"
| /* end confdefs.h.  */
| #include <ac_nonexistent.h>
configure:15086: result: g++ -E
configure:15106: g++ -E  conftest.cpp
configure:15106: $? = 0
configure:15120: g++ -E  conftest.cpp
conftest.cpp:26:10: fatal error: 'ac_nonexistent.h' file not found
#include <ac_nonexistent.h>
         ^~~~~~~~~~~~~~~~~~
1 error generated.
configure:15120: $? = 1
configure: failed program was:
| /* confdefs.h */
| #define PACKAGE_NAME "HDF"
| #define PACKAGE_TARNAME "hdf"
| #define PACKAGE_VERSION "4.2.14-post0"
| #define PACKAGE_STRING "HDF 4.2.14-post0"
| #define PACKAGE_BUGREPORT "help@hdfgroup.org"
| #define PACKAGE_URL ""
| #define PACKAGE "hdf"
| #define VERSION "4.2.14-post0"
| #define HAVE_NETCDF 1
| #define F77_FUNC(name,NAME) name ## _
| #define F77_FUNC_(name,NAME) name ## _
| #define STDC_HEADERS 1
| #define HAVE_SYS_TYPES_H 1
| #define HAVE_SYS_STAT_H 1
| #define HAVE_STDLIB_H 1
| #define HAVE_STRING_H 1
| #define HAVE_MEMORY_H 1
| #define HAVE_STRINGS_H 1
| #define HAVE_INTTYPES_H 1
| #define HAVE_STDINT_H 1
| #define HAVE_UNISTD_H 1
| #define HAVE_DLFCN_H 1
| #define LT_OBJDIR ".libs/"
| /* end confdefs.h.  */
| #include <ac_nonexistent.h>
configure:15289: checking for ld used by g++
configure:15356: result: /Applications/Xcode.app/Contents/Developer/Toolchains/XcodeDefault.xctoolchain/usr/bin/ld
configure:15363: checking if the linker (/Applications/Xcode.app/Contents/Developer/Toolchains/XcodeDefault.xctoolchain/usr/bin/ld) is GNU ld
configure:15378: result: no
configure:15433: checking whether the g++ linker (/Applications/Xcode.app/Contents/Developer/Toolchains/XcodeDefault.xctoolchain/usr/bin/ld) supports shared libraries
configure:16454: result: yes
configure:16490: g++ -c -g -O2  conftest.cpp >&5
configure:16493: $? = 0
configure:17013: checking for g++ option to produce PIC
configure:17020: result: -fno-common -DPIC
configure:17028: checking if g++ PIC flag -fno-common -DPIC works
configure:17046: g++ -c -g -O2  -fno-common -DPIC -DPIC conftest.cpp >&5
configure:17050: $? = 0
configure:17063: result: yes
configure:17086: checking if g++ static flag -static works
configure:17114: result: no
configure:17126: checking if g++ supports -c -o file.o
configure:17147: g++ -c -g -O2  -o out/conftest2.o conftest.cpp >&5
configure:17151: $? = 0
configure:17173: result: yes
configure:17178: checking if g++ supports -c -o file.o
configure:17225: result: yes
configure:17255: checking whether the g++ linker (/Applications/Xcode.app/Contents/Developer/Toolchains/XcodeDefault.xctoolchain/usr/bin/ld) supports shared libraries
configure:17291: result: yes
configure:17432: checking dynamic linker characteristics
configure:18107: result: darwin16.7.0 dyld
configure:18160: checking how to hardcode library paths into programs
configure:18185: result: immediate
configure:18333: checking if libtool supports shared libraries
configure:18335: result: yes
configure:18338: checking whether to build shared libraries
configure:18358: result: no
configure:18361: checking whether to build static libraries
configure:18365: result: yes
configure:18686: checking for gfortran option to produce PIC
configure:18693: result: -fno-common
configure:18701: checking if gfortran PIC flag -fno-common works
configure:18719: gfortran -c  -fno-common conftest.f >&5
configure:18723: $? = 0
configure:18736: result: yes
configure:18759: checking if gfortran static flag -static works
configure:18787: result: no
configure:18799: checking if gfortran supports -c -o file.o
configure:18820: gfortran -c  -o out/conftest2.o conftest.f >&5
configure:18824: $? = 0
configure:18846: result: yes
configure:18851: checking if gfortran supports -c -o file.o
configure:18898: result: yes
configure:18928: checking whether the gfortran linker (/Applications/Xcode.app/Contents/Developer/Toolchains/XcodeDefault.xctoolchain/usr/bin/ld) supports shared libraries
configure:20031: result: yes
configure:20172: checking dynamic linker characteristics
configure:20833: result: darwin16.7.0 dyld
configure:20886: checking how to hardcode library paths into programs
configure:20911: result: immediate
configure:20964: creating ./config.lt

## ------------------ ##
## Running config.lt. ##
## ------------------ ##
config.lt:728: creating libtool
configure:22841: checking if we should install only statically linked executables
configure:22898: checking zlib.h usability
configure:22898: clang -c   conftest.c >&5
configure:22898: $? = 0
configure:22898: result: yes
configure:22898: checking zlib.h presence
configure:22898: clang -E  conftest.c
configure:22898: $? = 0
configure:22898: result: yes
configure:22898: checking for zlib.h
configure:22898: result: yes
configure:22911: checking for compress2 in -lz
configure:22944: clang -o conftest    conftest.c -lz   >&5
configure:22944: $? = 0
configure:22953: result: yes
configure:22972: checking for compress2
configure:22972: clang -o conftest    conftest.c -lz  >&5
configure:22972: $? = 0
configure:22972: result: yes
configure:23116: checking jpeglib.h usability
configure:23116: clang -c   conftest.c >&5
configure:23116: $? = 0
configure:23116: result: yes
configure:23116: checking jpeglib.h presence
configure:23116: clang -E  conftest.c
configure:23116: $? = 0
configure:23116: result: yes
configure:23116: checking for jpeglib.h
configure:23116: result: yes
configure:23129: checking for jpeg_start_decompress in -ljpeg
configure:23162: clang -o conftest    conftest.c -ljpeg  -lz  >&5
configure:23162: $? = 0
configure:23171: result: yes
configure:23399: checking for szlib
configure:23401: result: suppressed
configure:23613: checking for xdr library support
configure:23669: clang -o conftest    conftest.c -ljpeg -lz  >&5
conftest.c:44:1: warning: expression result unused [-Wunused-value]
xdr_int
^~~~~~~
1 warning generated.
configure:23669: $? = 0
configure:23670: result: yes
configure:23769: checking for ANSI C header files
configure:23881: result: yes
configure:23903: checking whether clang and cc understand -c and -o together
configure:23942: clang -c conftest.c -o conftest2.o >&5
configure:23946: $? = 0
configure:23952: clang -c conftest.c -o conftest2.o >&5
configure:23956: $? = 0
configure:23967: cc -c conftest.c >&5
configure:23971: $? = 0
configure:23979: cc -c conftest.c -o conftest2.o >&5
configure:23983: $? = 0
configure:23989: cc -c conftest.c -o conftest2.o >&5
configure:23993: $? = 0
configure:24011: result: yes
configure:24026: checking how to run the C++ preprocessor
configure:24092: result: g++ -E
configure:24112: g++ -E  conftest.cpp
configure:24112: $? = 0
configure:24126: g++ -E  conftest.cpp
conftest.cpp:31:10: fatal error: 'ac_nonexistent.h' file not found
#include <ac_nonexistent.h>
         ^~~~~~~~~~~~~~~~~~
1 error generated.
configure:24126: $? = 1
configure: failed program was:
| /* confdefs.h */
| #define PACKAGE_NAME "HDF"
| #define PACKAGE_TARNAME "hdf"
| #define PACKAGE_VERSION "4.2.14-post0"
| #define PACKAGE_STRING "HDF 4.2.14-post0"
| #define PACKAGE_BUGREPORT "help@hdfgroup.org"
| #define PACKAGE_URL ""
| #define PACKAGE "hdf"
| #define VERSION "4.2.14-post0"
| #define HAVE_NETCDF 1
| #define F77_FUNC(name,NAME) name ## _
| #define F77_FUNC_(name,NAME) name ## _
| #define STDC_HEADERS 1
| #define HAVE_SYS_TYPES_H 1
| #define HAVE_SYS_STAT_H 1
| #define HAVE_STDLIB_H 1
| #define HAVE_STRING_H 1
| #define HAVE_MEMORY_H 1
| #define HAVE_STRINGS_H 1
| #define HAVE_INTTYPES_H 1
| #define HAVE_STDINT_H 1
| #define HAVE_UNISTD_H 1
| #define HAVE_DLFCN_H 1
| #define LT_OBJDIR ".libs/"
| #define HAVE_ZLIB_H 1
| #define HAVE_LIBZ 1
| #define HAVE_JPEGLIB_H 1
| #define HAVE_LIBJPEG 1
| #define STDC_HEADERS 1
| /* end confdefs.h.  */
| #include <ac_nonexistent.h>
configure:24160: checking whether gfortran understands -c and -o together
configure:24178: gfortran  -c conftest.f -o conftest2.o >&5
configure:24182: $? = 0
configure:24189: gfortran  -c conftest.f -o conftest2.o >&5
configure:24193: $? = 0
configure:24201: result: yes
configure:24225: checking size of int*
configure:24230: clang -o conftest    conftest.c -ljpeg -lz  >&5
configure:24230: $? = 0
configure:24230: ./conftest
configure:24230: $? = 0
configure:24244: result: 8
configure:24286: checking whether byte ordering is bigendian
configure:24301: clang -c   -DBIG_LONGS conftest.c >&5
configure:24301: $? = 0
configure:24354: clang -c   -DBIG_LONGS conftest.c >&5
configure:24354: $? = 0
configure:24380: clang -c   -DBIG_LONGS conftest.c >&5
conftest.c:47:4: error: use of undeclared identifier 'not'
                 not big endian
                 ^
1 error generated.
configure:24380: $? = 1
configure: failed program was:
| /* confdefs.h */
| #define PACKAGE_NAME "HDF"
| #define PACKAGE_TARNAME "hdf"
| #define PACKAGE_VERSION "4.2.14-post0"
| #define PACKAGE_STRING "HDF 4.2.14-post0"
| #define PACKAGE_BUGREPORT "help@hdfgroup.org"
| #define PACKAGE_URL ""
| #define PACKAGE "hdf"
| #define VERSION "4.2.14-post0"
| #define HAVE_NETCDF 1
| #define F77_FUNC(name,NAME) name ## _
| #define F77_FUNC_(name,NAME) name ## _
| #define STDC_HEADERS 1
| #define HAVE_SYS_TYPES_H 1
| #define HAVE_SYS_STAT_H 1
| #define HAVE_STDLIB_H 1
| #define HAVE_STRING_H 1
| #define HAVE_MEMORY_H 1
| #define HAVE_STRINGS_H 1
| #define HAVE_INTTYPES_H 1
| #define HAVE_STDINT_H 1
| #define HAVE_UNISTD_H 1
| #define HAVE_DLFCN_H 1
| #define LT_OBJDIR ".libs/"
| #define HAVE_ZLIB_H 1
| #define HAVE_LIBZ 1
| #define HAVE_JPEGLIB_H 1
| #define HAVE_LIBJPEG 1
| #define STDC_HEADERS 1
| #define SIZEOF_INTP 8
| /* end confdefs.h.  */
| #include <sys/types.h>
| 		#include <sys/param.h>
| 
| #ifdef F77_DUMMY_MAIN
| 
| #  ifdef __cplusplus
|      extern "C"
| #  endif
|    int F77_DUMMY_MAIN() { return 1; }
| 
| #endif
| int
| main ()
| {
| #if BYTE_ORDER != BIG_ENDIAN
| 		 not big endian
| 		#endif
| 
|   ;
|   return 0;
| }
configure:24540: result: no
configure:24561: checking for build mode
configure:24571: result: production
configure:24629: checking for math library support
configure:24650: clang -o conftest  -O0  -DBIG_LONGS -DSWAP   conftest.c -ljpeg -lz  >&5
conftest.c:44:1: warning: ignoring return value of function declared with const attribute [-Wunused-value]
sinh(37.927)
^~~~ ~~~~~~
1 warning generated.
configure:24650: $? = 0
configure:24651: result: yes
configure:24663: checking for fork
configure:24663: clang -o conftest  -O0  -DBIG_LONGS -DSWAP   conftest.c -ljpeg -lz  >&5
configure:24663: $? = 0
configure:24663: result: yes
configure:24663: checking for system
configure:24663: clang -o conftest  -O0  -DBIG_LONGS -DSWAP   conftest.c -ljpeg -lz  >&5
configure:24663: $? = 0
configure:24663: result: yes
configure:24663: checking for vfork
configure:24663: clang -o conftest  -O0  -DBIG_LONGS -DSWAP   conftest.c -ljpeg -lz  >&5
conftest.c:57:6: warning: incompatible redeclaration of library function 'vfork' [-Wincompatible-library-redeclaration]
char vfork ();
     ^
conftest.c:57:6: note: 'vfork' is a builtin with type 'int (void)'
1 warning generated.
configure:24663: $? = 0
configure:24663: result: yes
configure:24663: checking for wait
configure:24663: clang -o conftest  -O0  -DBIG_LONGS -DSWAP   conftest.c -ljpeg -lz  >&5
configure:24663: $? = 0
configure:24663: result: yes
configure:24864: checking if deprecated public symbols are available
configure:24876: result: yes
configure:25005: checking that generated files are newer than configure
configure:25011: result: done
configure:25067: creating ./config.status

## ---------------------- ##
## Running config.status. ##
## ---------------------- ##

This file was extended by HDF config.status 4.2.14-post0, which was
generated by GNU Autoconf 2.69.  Invocation command line was

  CONFIG_FILES    = 
  CONFIG_HEADERS  = 
  CONFIG_LINKS    = 
  CONFIG_COMMANDS = 
  $ ./config.status 

on mib111164i-3.local

config.status:1324: creating Makefile
config.status:1324: creating libhdf4.settings
config.status:1324: creating hdf/Makefile
config.status:1324: creating hdf/examples/Makefile
config.status:1324: creating hdf/fortran/Makefile
config.status:1324: creating hdf/fortran/examples/Makefile
config.status:1324: creating hdf/src/Makefile
config.status:1324: creating hdf/test/Makefile
config.status:1324: creating hdf/util/Makefile
config.status:1324: creating hdf/util/h4cc
config.status:1324: creating hdf/util/h4fc
config.status:1324: creating hdf/util/h4redeploy
config.status:1324: creating hdf/util/testutil.sh
config.status:1324: creating man/Makefile
config.status:1324: creating mfhdf/fortran/ftest.f
config.status:1324: creating mfhdf/fortran/jackets.c
config.status:1324: creating mfhdf/fortran/netcdf.inc
config.status:1324: creating mfhdf/libsrc/netcdf.h
config.status:1324: creating mfhdf/Makefile
config.status:1324: creating mfhdf/dumper/Makefile
config.status:1324: creating mfhdf/dumper/testhdp.sh
config.status:1324: creating mfhdf/examples/Makefile
config.status:1324: creating mfhdf/examples/testexamples.sh
config.status:1324: creating mfhdf/fortran/Makefile
config.status:1324: creating mfhdf/fortran/examples/Makefile
config.status:1324: creating mfhdf/fortran/testfortran.sh
config.status:1324: creating mfhdf/hdfimport/Makefile
config.status:1324: creating mfhdf/hdfimport/testutil.sh
config.status:1324: creating mfhdf/hdiff/Makefile
config.status:1324: creating mfhdf/hdiff/testhdiff.sh
config.status:1324: creating mfhdf/hrepack/Makefile
config.status:1324: creating mfhdf/hrepack/hrepack.sh
config.status:1324: creating mfhdf/hrepack/hrepack_all.sh
config.status:1324: creating mfhdf/libsrc/Makefile
config.status:1324: creating mfhdf/ncdump/Makefile
config.status:1324: creating mfhdf/ncdump/testncdump.sh
config.status:1324: creating mfhdf/ncgen/Makefile
config.status:1324: creating mfhdf/ncgen/testncgen.sh
config.status:1324: creating mfhdf/nctest/Makefile
config.status:1324: creating mfhdf/test/Makefile
config.status:1324: creating mfhdf/test/testmfhdf.sh
config.status:1324: creating mfhdf/xdr/Makefile
config.status:1324: creating java/Makefile
config.status:1324: creating java/src/Makefile
config.status:1324: creating java/src/jni/Makefile
config.status:1324: creating java/test/Makefile
config.status:1324: creating java/test/junit.sh
config.status:1324: creating java/examples/Makefile
config.status:1324: creating hdf/src/h4config.h
config.status:1553: executing h4config commands
config.status:1553: executing depfiles commands
config.status:1553: executing libtool commands
config.status:1553: executing .classes commands

## ---------------- ##
## Cache variables. ##
## ---------------- ##

ac_cv_build=i386-apple-darwin16.7.0
ac_cv_c_bigendian=no
ac_cv_c_compiler_gnu=yes
ac_cv_cxx_compiler_gnu=yes
ac_cv_env_CCC_set=
ac_cv_env_CCC_value=
ac_cv_env_CC_set=
ac_cv_env_CC_value=
ac_cv_env_CFLAGS_set=
ac_cv_env_CFLAGS_value=
ac_cv_env_CPPFLAGS_set=
ac_cv_env_CPPFLAGS_value=
ac_cv_env_CPP_set=
ac_cv_env_CPP_value=
ac_cv_env_CXXCPP_set=
ac_cv_env_CXXCPP_value=
ac_cv_env_CXXFLAGS_set=
ac_cv_env_CXXFLAGS_value=
ac_cv_env_CXX_set=
ac_cv_env_CXX_value=
ac_cv_env_F77_set=
ac_cv_env_F77_value=
ac_cv_env_FFLAGS_set=
ac_cv_env_FFLAGS_value=
ac_cv_env_LDFLAGS_set=
ac_cv_env_LDFLAGS_value=
ac_cv_env_LIBS_set=
ac_cv_env_LIBS_value=
ac_cv_env_build_alias_set=
ac_cv_env_build_alias_value=
ac_cv_env_host_alias_set=
ac_cv_env_host_alias_value=
ac_cv_env_target_alias_set=
ac_cv_env_target_alias_value=
ac_cv_f77_compiler_gnu=yes
ac_cv_f77_dummy_main=none
ac_cv_f77_libs=' -L/usr/local/Cellar/gcc/8.2.0/lib/gcc/8/gcc/x86_64-apple-darwin16.7.0/8.2.0 -L/usr/local/Cellar/gcc/8.2.0/lib/gcc/8/gcc/x86_64-apple-darwin16.7.0/8.2.0/../../.. -lgfortran -lquadmath -lm'
ac_cv_f77_mangling='lower case, underscore, no extra underscore'
ac_cv_fortran_dummy_main=none
ac_cv_func_compress2=yes
ac_cv_func_fork=yes
ac_cv_func_system=yes
ac_cv_func_vfork=yes
ac_cv_func_wait=yes
ac_cv_header_dlfcn_h=yes
ac_cv_header_inttypes_h=yes
ac_cv_header_jpeglib_h=yes
ac_cv_header_memory_h=yes
ac_cv_header_stdc=yes
ac_cv_header_stdint_h=yes
ac_cv_header_stdlib_h=yes
ac_cv_header_string_h=yes
ac_cv_header_strings_h=yes
ac_cv_header_sys_stat_h=yes
ac_cv_header_sys_types_h=yes
ac_cv_header_unistd_h=yes
ac_cv_header_zlib_h=yes
ac_cv_host=i386-apple-darwin16.7.0
ac_cv_lib_dl_dlopen=yes
ac_cv_lib_jpeg_jpeg_start_decompress=yes
ac_cv_lib_z_compress2=yes
ac_cv_objext=o
ac_cv_path_EGREP='/usr/bin/grep -E'
ac_cv_path_FGREP='/usr/bin/grep -F'
ac_cv_path_GREP=/usr/bin/grep
ac_cv_path_SED=/usr/bin/sed
ac_cv_path_install='/usr/bin/install -c'
ac_cv_prog_AR=ar
ac_cv_prog_AWK=awk
ac_cv_prog_CPP='clang -E'
ac_cv_prog_CXXCPP='g++ -E'
ac_cv_prog_DIFF='diff -w'
ac_cv_prog_LEX=flex
ac_cv_prog_MAKEINFO=makeinfo
ac_cv_prog_NEQN=neqn
ac_cv_prog_TBL=tbl
ac_cv_prog_YACC='bison -y'
ac_cv_prog_ac_ct_CC=clang
ac_cv_prog_ac_ct_CXX=g++
ac_cv_prog_ac_ct_DSYMUTIL=dsymutil
ac_cv_prog_ac_ct_LIPO=lipo
ac_cv_prog_ac_ct_NMEDIT=nmedit
ac_cv_prog_ac_ct_OBJDUMP=objdump
ac_cv_prog_ac_ct_OTOOL=otool
ac_cv_prog_ac_ct_RANLIB=ranlib
ac_cv_prog_ac_ct_STRIP=strip
ac_cv_prog_cc_c89=
ac_cv_prog_cc_clang_c_o=yes
ac_cv_prog_cc_g=yes
ac_cv_prog_cxx_g=yes
ac_cv_prog_f77_c_o=yes
ac_cv_prog_f77_g=yes
ac_cv_prog_f77_v=-v
ac_cv_prog_make_make_set=yes
ac_cv_sizeof_intp=8
am_cv_CC_dependencies_compiler_type=gcc3
am_cv_CXX_dependencies_compiler_type=gcc3
am_cv_make_support_nested_variables=yes
am_cv_prog_cc_c_o=yes
lt_cv_apple_cc_single_mod=yes
lt_cv_ar_at_file=no
lt_cv_deplibs_check_method=pass_all
lt_cv_dlopen=dlopen
lt_cv_dlopen_libs=-ldl
lt_cv_dlopen_self=yes
lt_cv_dlopen_self_static=yes
lt_cv_file_magic_cmd='$MAGIC_CMD'
lt_cv_file_magic_test_file=
lt_cv_ld_exported_symbols_list=yes
lt_cv_ld_force_load=yes
lt_cv_ld_reload_flag=-r
lt_cv_nm_interface='BSD nm'
lt_cv_objdir=.libs
lt_cv_path_LD=/Applications/Xcode.app/Contents/Developer/Toolchains/XcodeDefault.xctoolchain/usr/bin/ld
lt_cv_path_LDCXX=/Applications/Xcode.app/Contents/Developer/Toolchains/XcodeDefault.xctoolchain/usr/bin/ld
lt_cv_path_NM='/usr/bin/nm -B'
lt_cv_path_mainfest_tool=no
lt_cv_prog_compiler_c_o=yes
lt_cv_prog_compiler_c_o_CXX=yes
lt_cv_prog_compiler_c_o_F77=yes
lt_cv_prog_compiler_pic='-fno-common -DPIC'
lt_cv_prog_compiler_pic_CXX='-fno-common -DPIC'
lt_cv_prog_compiler_pic_F77=-fno-common
lt_cv_prog_compiler_pic_works=yes
lt_cv_prog_compiler_pic_works_CXX=yes
lt_cv_prog_compiler_pic_works_F77=yes
lt_cv_prog_compiler_rtti_exceptions=yes
lt_cv_prog_compiler_static_works=no
lt_cv_prog_compiler_static_works_CXX=no
lt_cv_prog_compiler_static_works_F77=no
lt_cv_prog_gnu_ld=no
lt_cv_prog_gnu_ldcxx=no
lt_cv_sharedlib_from_linklib_cmd='printf %s\n'
lt_cv_sys_global_symbol_pipe='sed -n -e '\''s/^.*[	 ]\([BCDEGRST][BCDEGRST]*\)[	 ][	 ]*_\([_A-Za-z][_A-Za-z0-9]*\)$/\1 _\2 \2/p'\'' | sed '\''/ __gnu_lto/d'\'''
lt_cv_sys_global_symbol_to_c_name_address='sed -n -e '\''s/^: \([^ ]*\)[ ]*$/  {\"\1\", (void *) 0},/p'\'' -e '\''s/^[BCDEGRST]* \([^ ]*\) \([^ ]*\)$/  {"\2", (void *) \&\2},/p'\'''
lt_cv_sys_global_symbol_to_c_name_address_lib_prefix='sed -n -e '\''s/^: \([^ ]*\)[ ]*$/  {\"\1\", (void *) 0},/p'\'' -e '\''s/^[BCDEGRST]* \([^ ]*\) \(lib[^ ]*\)$/  {"\2", (void *) \&\2},/p'\'' -e '\''s/^[BCDEGRST]* \([^ ]*\) \([^ ]*\)$/  {"lib\2", (void *) \&\2},/p'\'''
lt_cv_sys_global_symbol_to_cdecl='sed -n -e '\''s/^T .* \(.*\)$/extern int \1();/p'\'' -e '\''s/^[BCDEGRST]* .* \(.*\)$/extern char \1;/p'\'''
lt_cv_sys_max_cmd_len=196608
lt_cv_to_host_file_cmd=func_convert_file_noop
lt_cv_to_tool_file_cmd=func_convert_file_noop

## ----------------- ##
## Output variables. ##
## ----------------- ##

ACLOCAL='aclocal-1.14'
AMDEPBACKSLASH='\'
AMDEP_FALSE='#'
AMDEP_TRUE=''
AMTAR='$${TAR-tar}'
AM_BACKSLASH='\'
AM_DEFAULT_V='$(AM_DEFAULT_VERBOSITY)'
AM_DEFAULT_VERBOSITY='1'
AM_V='$(V)'
AR='ar'
AUTOCONF='autoconf'
AUTOHEADER='autoheader'
AUTOMAKE='automake-1.14'
AWK='awk'
BUILD_FORTRAN='yes'
BUILD_JAVA_CONDITIONAL_FALSE=''
BUILD_JAVA_CONDITIONAL_TRUE='#'
BUILD_NETCDF='yes'
BUILD_SHARED_SZIP_CONDITIONAL_FALSE=''
BUILD_SHARED_SZIP_CONDITIONAL_TRUE='#'
CC='clang'
CCDEPMODE='depmode=gcc3'
CC_VERSION='/usr/bin/clang'
CFLAGS=' -O0'
CONFIG_DATE='Thu Aug  2 17:14:34 BST 2018'
CONFIG_MODE='production'
CONFIG_USER='tb15@mib111164i-3.local'
CPP='clang -E'
CPPFLAGS=' -DBIG_LONGS -DSWAP '
CXX='g++'
CXXCPP='g++ -E'
CXXDEPMODE='depmode=gcc3'
CXXFLAGS=' -O2 '
CYGPATH_W='echo'
DEFS='-DHAVE_CONFIG_H'
DEPDIR='.deps'
DEPRECATED_SYMBOLS='yes'
DIFF='diff -w'
DLLTOOL='false'
DSYMUTIL='dsymutil'
DUMPBIN=''
ECHO_C='\c'
ECHO_N=''
ECHO_T=''
EGREP='/usr/bin/grep -E'
EXEEXT=''
F77='gfortran'
F77_VERSION='/usr/local/bin/gfortran'
FFLAGS=' -O'
FGREP='/usr/bin/grep -F'
FLIBS=' -L/usr/local/Cellar/gcc/8.2.0/lib/gcc/8/gcc/x86_64-apple-darwin16.7.0/8.2.0 -L/usr/local/Cellar/gcc/8.2.0/lib/gcc/8/gcc/x86_64-apple-darwin16.7.0/8.2.0/../../.. -lgfortran -lquadmath -lm'
GREP='/usr/bin/grep'
H4_CLASSPATH=''
H4_JAVACFLAGS=''
H4_JAVAFLAGS=''
H4_VERSION='4.2.14-post0'
HDF_BUILD_FORTRAN_FALSE='#'
HDF_BUILD_FORTRAN_TRUE=''
HDF_BUILD_NETCDF_FALSE='#'
HDF_BUILD_NETCDF_TRUE=''
HDF_BUILD_SHARED_FALSE=''
HDF_BUILD_SHARED_TRUE='#'
HDF_BUILD_XDR_FALSE=''
HDF_BUILD_XDR_TRUE='#'
HDF_JAVA='no'
INSTALL_DATA='${INSTALL} -m 644'
INSTALL_PROGRAM='${INSTALL}'
INSTALL_SCRIPT='${INSTALL}'
INSTALL_STRIP_PROGRAM='$(install_sh) -c -s'
JAR=''
JAVA=''
JAVAC=''
JAVACFLAGS=''
JAVADOC=''
JAVAFLAGS=''
JAVAPREFIX=''
JAVA_JUNIT=''
JAVA_PATH_NAME=''
JAVA_VERSION='/usr/local/Caskroom/google-cloud-sdk/latest/google-cloud-sdk/bin/ (./configure: line 24847: -version: command not found)'
JNIFLAGS=''
JUNIT=''
LD='/Applications/Xcode.app/Contents/Developer/Toolchains/XcodeDefault.xctoolchain/usr/bin/ld'
LDFLAGS=''
LEX='flex'
LIBOBJS=''
LIBS='-ljpeg -lz '
LIBTOOL='$(SHELL) $(top_builddir)/libtool'
LIPO='lipo'
LL_PATH=''
LN_S='ln -s'
LTLIBOBJS=''
LT_STATIC_EXEC=''
MAINT='#'
MAINTAINER_MODE_FALSE=''
MAINTAINER_MODE_TRUE='#'
MAKEINFO='makeinfo'
MANIFEST_TOOL=':'
MKDIR_P='bin/install-sh -c -d'
NEQN='neqn'
NM='/usr/bin/nm -B'
NMEDIT='nmedit'
OBJDUMP='objdump'
OBJEXT='o'
OTOOL64=':'
OTOOL='otool'
PACKAGE='hdf'
PACKAGE_BUGREPORT='help@hdfgroup.org'
PACKAGE_NAME='HDF'
PACKAGE_STRING='HDF 4.2.14-post0'
PACKAGE_TARNAME='hdf'
PACKAGE_URL=''
PACKAGE_VERSION='4.2.14-post0'
PATH_SEPARATOR=':'
RANLIB='ranlib'
SED='/usr/bin/sed'
SETX='set -x'
SET_MAKE=''
SHARED_EXTENSION='dylib'
SHELL='/bin/sh'
STATIC_EXEC='no'
STATIC_SHARED=''
STRIP='strip'
SZIP_HAS_ENCODER='no'
SZIP_INFO='disabled'
TBL='tbl'
TESTS_JUNIT=''
TEST_FORTRAN_NETCDF='yes'
UNAME_INFO='Darwin mib111164i-3.local 16.7.0 Darwin Kernel Version 16.7.0: Fri Apr 27 17:59:46 PDT 2018; root:xnu-3789.73.13~1/RELEASE_X86_64 x86_64'
USE_COMP_SZIP='no'
UUDECODE=''
VERSION='4.2.14-post0'
YACC='bison -y'
_ACJNI_JAVAC=''
ac_ct_AR=''
ac_ct_CC='clang'
ac_ct_CXX='g++'
ac_ct_DUMPBIN=''
ac_ct_F77=''
am__EXEEXT_FALSE=''
am__EXEEXT_TRUE='#'
am__fastdepCC_FALSE='#'
am__fastdepCC_TRUE=''
am__fastdepCXX_FALSE='#'
am__fastdepCXX_TRUE=''
am__include='include'
am__isrc=''
am__leading_dot='.'
am__nodep='_no'
am__quote=''
am__tar='$${TAR-tar} chof - "$$tardir"'
am__untar='$${TAR-tar} xf -'
bindir='${exec_prefix}/bin'
build='i386-apple-darwin16.7.0'
build_alias=''
build_cpu='i386'
build_os='darwin16.7.0'
build_vendor='apple'
datadir='${datarootdir}'
datarootdir='${prefix}/share'
docdir='${datarootdir}/doc/${PACKAGE_TARNAME}'
dvidir='${docdir}'
enable_shared='no'
enable_static='yes'
exec_prefix='${prefix}'
host='i386-apple-darwin16.7.0'
host_alias=''
host_cpu='i386'
host_os='darwin16.7.0'
host_vendor='apple'
htmldir='${docdir}'
includedir='${prefix}/include'
infodir='${datarootdir}/info'
install_sh='${SHELL} /tmp/hdf4/bin/install-sh'
libdir='${exec_prefix}/lib'
libexecdir='${exec_prefix}/libexec'
localedir='${datarootdir}/locale'
localstatedir='${prefix}/var'
mandir='${datarootdir}/man'
mkdir_p='$(MKDIR_P)'
oldincludedir='/usr/include'
pdfdir='${docdir}'
prefix='/tmp/hdf4/hdf4'
program_transform_name='s,x,x,'
psdir='${docdir}'
sbindir='${exec_prefix}/sbin'
sharedstatedir='${prefix}/com'
sysconfdir='${prefix}/etc'
target_alias=''

## ----------- ##
## confdefs.h. ##
## ----------- ##

/* confdefs.h */
#define PACKAGE_NAME "HDF"
#define PACKAGE_TARNAME "hdf"
#define PACKAGE_VERSION "4.2.14-post0"
#define PACKAGE_STRING "HDF 4.2.14-post0"
#define PACKAGE_BUGREPORT "help@hdfgroup.org"
#define PACKAGE_URL ""
#define PACKAGE "hdf"
#define VERSION "4.2.14-post0"
#define HAVE_NETCDF 1
#define F77_FUNC(name,NAME) name ## _
#define F77_FUNC_(name,NAME) name ## _
#define STDC_HEADERS 1
#define HAVE_SYS_TYPES_H 1
#define HAVE_SYS_STAT_H 1
#define HAVE_STDLIB_H 1
#define HAVE_STRING_H 1
#define HAVE_MEMORY_H 1
#define HAVE_STRINGS_H 1
#define HAVE_INTTYPES_H 1
#define HAVE_STDINT_H 1
#define HAVE_UNISTD_H 1
#define HAVE_DLFCN_H 1
#define LT_OBJDIR ".libs/"
#define HAVE_ZLIB_H 1
#define HAVE_LIBZ 1
#define HAVE_JPEGLIB_H 1
#define HAVE_LIBJPEG 1
#define STDC_HEADERS 1
#define SIZEOF_INTP 8
#define HAVE_FORK 1
#define HAVE_SYSTEM 1
#define HAVE_VFORK 1
#define HAVE_WAIT 1

configure: exit 0
